2025-12-08 16:03:25,286 - INFO - ============================================================
2025-12-08 16:03:25,286 - INFO - 멀티 카테고리 뉴스 크롤링 시작
2025-12-08 16:03:25,286 - INFO - 현재 시간 (KST): 2025-12-08 16:03:25
2025-12-08 16:03:25,287 - INFO - 실행 시간대: 오후 04시 KST
2025-12-08 16:03:25,287 - INFO - ============================================================
2025-12-08 16:03:25,287 - INFO - 
============================================================
2025-12-08 16:03:25,287 - INFO - 카테고리: 정치
2025-12-08 16:03:25,287 - INFO - ============================================================
2025-12-08 16:03:25,288 - INFO - 
크롤링 소스: 동아일보
2025-12-08 16:03:25,288 - INFO - URL: https://www.donga.com/news/Politics
2025-12-08 16:03:25,288 - INFO - 페이지 가져오기 시도 (1/3): https://www.donga.com/news/Politics
2025-12-08 16:03:25,871 - INFO - 페이지 가져오기 성공: https://www.donga.com/news/Politics
2025-12-08 16:03:25,873 - INFO - HTML 파싱 중... (파서: donga_politics)
2025-12-08 16:03:25,897 - INFO - 파싱 완료: 5개 뉴스 항목 발견
2025-12-08 16:03:31,346 - INFO - [동아일보] 기존 뉴스 데이터 없음
2025-12-08 16:03:31,347 - INFO - 새로운 뉴스 5개 발견
2025-12-08 16:03:31,349 - INFO - [동아일보] 뉴스 5개를 data/politics/donga/news_2025-12-08.json에 저장 완료
2025-12-08 16:03:33,349 - INFO - 
크롤링 소스: 조선일보
2025-12-08 16:03:33,350 - INFO - URL: https://www.chosun.com/politics/
2025-12-08 16:03:33,350 - INFO - 페이지 가져오기 시도 (1/3): https://www.chosun.com/politics/
2025-12-08 16:03:33,950 - INFO - 페이지 가져오기 성공: https://www.chosun.com/politics/
2025-12-08 16:03:33,952 - INFO - HTML 파싱 중... (파서: chosun_politics)
2025-12-08 16:03:33,984 - INFO - 파싱 완료: 5개 뉴스 항목 발견
2025-12-08 16:03:39,272 - INFO - [조선일보] 기존 뉴스 데이터 없음
2025-12-08 16:03:39,272 - INFO - 새로운 뉴스 5개 발견
2025-12-08 16:03:39,274 - INFO - [조선일보] 뉴스 5개를 data/politics/chosun/news_2025-12-08.json에 저장 완료
2025-12-08 16:03:41,275 - INFO - 
크롤링 소스: 중앙일보
2025-12-08 16:03:41,275 - INFO - URL: https://www.joongang.co.kr/politics
2025-12-08 16:03:41,276 - INFO - 페이지 가져오기 시도 (1/3): https://www.joongang.co.kr/politics
2025-12-08 16:03:41,981 - INFO - 페이지 가져오기 성공: https://www.joongang.co.kr/politics
2025-12-08 16:03:41,985 - INFO - HTML 파싱 중... (파서: joongang_politics)
2025-12-08 16:03:42,014 - INFO - 파싱 완료: 5개 뉴스 항목 발견
2025-12-08 16:03:47,394 - INFO - [중앙일보] 기존 뉴스 데이터 없음
2025-12-08 16:03:47,395 - INFO - 새로운 뉴스 5개 발견
2025-12-08 16:03:47,398 - INFO - [중앙일보] 뉴스 5개를 data/politics/joongang/news_2025-12-08.json에 저장 완료
2025-12-08 16:03:49,398 - INFO - 
============================================================
2025-12-08 16:03:49,399 - INFO - 카테고리: 스포츠
2025-12-08 16:03:49,399 - INFO - ============================================================
2025-12-08 16:03:49,399 - INFO - 
크롤링 소스: 중앙일보
2025-12-08 16:03:49,400 - INFO - URL: https://www.joongang.co.kr/sports
2025-12-08 16:03:49,400 - INFO - 페이지 가져오기 시도 (1/3): https://www.joongang.co.kr/sports
2025-12-08 16:03:49,957 - INFO - 페이지 가져오기 성공: https://www.joongang.co.kr/sports
2025-12-08 16:03:49,959 - INFO - HTML 파싱 중... (파서: joongang_sports)
2025-12-08 16:03:49,998 - INFO - 파싱 완료: 5개 뉴스 항목 발견
2025-12-08 16:03:55,505 - INFO - [중앙일보] 기존 뉴스 데이터 없음
2025-12-08 16:03:55,506 - INFO - 새로운 뉴스 5개 발견
2025-12-08 16:03:55,508 - INFO - [중앙일보] 뉴스 5개를 data/sports/joongang/news_2025-12-08.json에 저장 완료
2025-12-08 16:03:57,509 - INFO - 
크롤링 소스: 동아일보
2025-12-08 16:03:57,510 - INFO - URL: https://www.donga.com/news/Sports
2025-12-08 16:03:57,510 - INFO - 페이지 가져오기 시도 (1/3): https://www.donga.com/news/Sports
2025-12-08 16:03:58,024 - INFO - 페이지 가져오기 성공: https://www.donga.com/news/Sports
2025-12-08 16:03:58,027 - INFO - HTML 파싱 중... (파서: donga_sports)
2025-12-08 16:03:58,058 - INFO - 파싱 완료: 5개 뉴스 항목 발견
2025-12-08 16:04:03,596 - INFO - [동아일보] 기존 뉴스 데이터 없음
2025-12-08 16:04:03,598 - INFO - 새로운 뉴스 5개 발견
2025-12-08 16:04:03,600 - INFO - [동아일보] 뉴스 5개를 data/sports/donga/news_2025-12-08.json에 저장 완료
2025-12-08 16:04:05,602 - INFO - 
크롤링 소스: 조선일보
2025-12-08 16:04:05,602 - INFO - URL: https://www.chosun.com/sports/
2025-12-08 16:04:05,603 - INFO - 페이지 가져오기 시도 (1/3): https://www.chosun.com/sports/
2025-12-08 16:04:06,185 - INFO - 페이지 가져오기 성공: https://www.chosun.com/sports/
2025-12-08 16:04:06,188 - INFO - HTML 파싱 중... (파서: chosun_sports)
2025-12-08 16:04:06,238 - INFO - 파싱 완료: 5개 뉴스 항목 발견
2025-12-08 16:04:12,363 - INFO - [조선일보] 기존 뉴스 데이터 없음
2025-12-08 16:04:12,365 - INFO - 새로운 뉴스 5개 발견
2025-12-08 16:04:12,368 - INFO - [조선일보] 뉴스 5개를 data/sports/chosun/news_2025-12-08.json에 저장 완료
2025-12-08 16:04:14,369 - INFO - 
============================================================
2025-12-08 16:04:14,370 - INFO - 카테고리: 경제
2025-12-08 16:04:14,370 - INFO - ============================================================
2025-12-08 16:04:14,370 - INFO - 
크롤링 소스: 중앙일보
2025-12-08 16:04:14,370 - INFO - URL: https://www.joongang.co.kr/money
2025-12-08 16:04:14,371 - INFO - 페이지 가져오기 시도 (1/3): https://www.joongang.co.kr/money
2025-12-08 16:04:14,849 - INFO - 페이지 가져오기 성공: https://www.joongang.co.kr/money
2025-12-08 16:04:14,851 - INFO - HTML 파싱 중... (파서: joongang_economy)
2025-12-08 16:04:14,894 - INFO - 파싱 완료: 5개 뉴스 항목 발견
2025-12-08 16:04:20,490 - INFO - [중앙일보] 기존 뉴스 데이터 없음
2025-12-08 16:04:20,490 - INFO - 새로운 뉴스 5개 발견
2025-12-08 16:04:20,492 - INFO - [중앙일보] 뉴스 5개를 data/economy/joongang/news_2025-12-08.json에 저장 완료
2025-12-08 16:04:22,493 - INFO - 
크롤링 소스: 동아일보
2025-12-08 16:04:22,493 - INFO - URL: https://www.donga.com/news/Economy
2025-12-08 16:04:22,494 - INFO - 페이지 가져오기 시도 (1/3): https://www.donga.com/news/Economy
2025-12-08 16:04:22,984 - INFO - 페이지 가져오기 성공: https://www.donga.com/news/Economy
2025-12-08 16:04:22,986 - INFO - HTML 파싱 중... (파서: donga_economy)
2025-12-08 16:04:23,005 - INFO - 파싱 완료: 5개 뉴스 항목 발견
2025-12-08 16:04:28,401 - INFO - [동아일보] 기존 뉴스 데이터 없음
2025-12-08 16:04:28,402 - INFO - 새로운 뉴스 5개 발견
2025-12-08 16:04:28,405 - INFO - [동아일보] 뉴스 5개를 data/economy/donga/news_2025-12-08.json에 저장 완료
2025-12-08 16:04:30,406 - INFO - 
크롤링 소스: 조선일보
2025-12-08 16:04:30,407 - INFO - URL: https://www.chosun.com/economy/
2025-12-08 16:04:30,407 - INFO - 페이지 가져오기 시도 (1/3): https://www.chosun.com/economy/
2025-12-08 16:04:31,018 - INFO - 페이지 가져오기 성공: https://www.chosun.com/economy/
2025-12-08 16:04:31,021 - INFO - HTML 파싱 중... (파서: chosun_economy)
2025-12-08 16:04:31,109 - INFO - 파싱 완료: 5개 뉴스 항목 발견
2025-12-08 16:04:37,386 - INFO - [조선일보] 기존 뉴스 데이터 없음
2025-12-08 16:04:37,387 - INFO - 새로운 뉴스 5개 발견
2025-12-08 16:04:37,388 - INFO - [조선일보] 뉴스 5개를 data/economy/chosun/news_2025-12-08.json에 저장 완료
2025-12-08 16:04:39,389 - INFO - 
============================================================
2025-12-08 16:04:39,390 - INFO - 카테고리: 사회
2025-12-08 16:04:39,390 - INFO - ============================================================
2025-12-08 16:04:39,394 - INFO - 
크롤링 소스: 조선일보
2025-12-08 16:04:39,394 - INFO - URL: https://www.chosun.com/national/
2025-12-08 16:04:39,396 - INFO - 페이지 가져오기 시도 (1/3): https://www.chosun.com/national/
2025-12-08 16:04:39,890 - INFO - 페이지 가져오기 성공: https://www.chosun.com/national/
2025-12-08 16:04:39,893 - INFO - HTML 파싱 중... (파서: chosun_society)
2025-12-08 16:04:39,932 - INFO - 파싱 완료: 5개 뉴스 항목 발견
2025-12-08 16:04:45,063 - INFO - [조선일보] 기존 뉴스 데이터 없음
2025-12-08 16:04:45,063 - INFO - 새로운 뉴스 5개 발견
2025-12-08 16:04:45,066 - INFO - [조선일보] 뉴스 5개를 data/society/chosun/news_2025-12-08.json에 저장 완료
2025-12-08 16:04:47,067 - INFO - 
크롤링 소스: 중앙일보
2025-12-08 16:04:47,067 - INFO - URL: https://www.joongang.co.kr/society
2025-12-08 16:04:47,068 - INFO - 페이지 가져오기 시도 (1/3): https://www.joongang.co.kr/society
2025-12-08 16:04:47,598 - INFO - 페이지 가져오기 성공: https://www.joongang.co.kr/society
2025-12-08 16:04:47,600 - INFO - HTML 파싱 중... (파서: joongang_society)
2025-12-08 16:04:47,631 - INFO - 파싱 완료: 5개 뉴스 항목 발견
2025-12-08 16:04:52,897 - INFO - [중앙일보] 기존 뉴스 데이터 없음
2025-12-08 16:04:52,897 - INFO - 새로운 뉴스 5개 발견
2025-12-08 16:04:52,899 - INFO - [중앙일보] 뉴스 5개를 data/society/joongang/news_2025-12-08.json에 저장 완료
2025-12-08 16:04:54,901 - INFO - 
크롤링 소스: 동아일보
2025-12-08 16:04:54,901 - INFO - URL: https://www.donga.com/news/Society
2025-12-08 16:04:54,902 - INFO - 페이지 가져오기 시도 (1/3): https://www.donga.com/news/Society
2025-12-08 16:04:55,525 - INFO - 페이지 가져오기 성공: https://www.donga.com/news/Society
2025-12-08 16:04:55,527 - INFO - HTML 파싱 중... (파서: donga_society)
2025-12-08 16:04:55,619 - INFO - 파싱 완료: 5개 뉴스 항목 발견
2025-12-08 16:05:01,194 - INFO - [동아일보] 기존 뉴스 데이터 없음
2025-12-08 16:05:01,194 - INFO - 새로운 뉴스 5개 발견
2025-12-08 16:05:01,196 - INFO - [동아일보] 뉴스 5개를 data/society/donga/news_2025-12-08.json에 저장 완료
2025-12-08 16:05:03,196 - INFO - 
============================================================
2025-12-08 16:05:03,197 - INFO - 카테고리: 국제
2025-12-08 16:05:03,198 - INFO - ============================================================
2025-12-08 16:05:03,198 - INFO - 
크롤링 소스: 조선일보
2025-12-08 16:05:03,198 - INFO - URL: https://www.chosun.com/international/
2025-12-08 16:05:03,199 - INFO - 페이지 가져오기 시도 (1/3): https://www.chosun.com/international/
2025-12-08 16:05:03,888 - INFO - 페이지 가져오기 성공: https://www.chosun.com/international/
2025-12-08 16:05:03,892 - INFO - HTML 파싱 중... (파서: chosun_international)
2025-12-08 16:05:03,941 - INFO - 파싱 완료: 5개 뉴스 항목 발견
2025-12-08 16:05:09,049 - INFO - [조선일보] 기존 뉴스 데이터 없음
2025-12-08 16:05:09,051 - INFO - 새로운 뉴스 5개 발견
2025-12-08 16:05:09,053 - INFO - [조선일보] 뉴스 5개를 data/international/chosun/news_2025-12-08.json에 저장 완료
2025-12-08 16:05:11,054 - INFO - 
크롤링 소스: 중앙일보
2025-12-08 16:05:11,054 - INFO - URL: https://www.joongang.co.kr/world
2025-12-08 16:05:11,055 - INFO - 페이지 가져오기 시도 (1/3): https://www.joongang.co.kr/world
2025-12-08 16:05:11,569 - INFO - 페이지 가져오기 성공: https://www.joongang.co.kr/world
2025-12-08 16:05:11,572 - INFO - HTML 파싱 중... (파서: joongang_international)
2025-12-08 16:05:11,613 - INFO - 파싱 완료: 5개 뉴스 항목 발견
2025-12-08 16:05:17,345 - INFO - [중앙일보] 기존 뉴스 데이터 없음
2025-12-08 16:05:17,345 - INFO - 새로운 뉴스 5개 발견
2025-12-08 16:05:17,348 - INFO - [중앙일보] 뉴스 5개를 data/international/joongang/news_2025-12-08.json에 저장 완료
2025-12-08 16:05:19,349 - INFO - 
크롤링 소스: 동아일보
2025-12-08 16:05:19,350 - INFO - URL: https://www.donga.com/news/Inter
2025-12-08 16:05:19,351 - INFO - 페이지 가져오기 시도 (1/3): https://www.donga.com/news/Inter
2025-12-08 16:05:19,836 - INFO - 페이지 가져오기 성공: https://www.donga.com/news/Inter
2025-12-08 16:05:19,840 - INFO - HTML 파싱 중... (파서: donga_international)
2025-12-08 16:05:19,877 - INFO - 파싱 완료: 5개 뉴스 항목 발견
2025-12-08 16:05:25,492 - INFO - [동아일보] 기존 뉴스 데이터 없음
2025-12-08 16:05:25,493 - INFO - 새로운 뉴스 5개 발견
2025-12-08 16:05:25,494 - INFO - [동아일보] 뉴스 5개를 data/international/donga/news_2025-12-08.json에 저장 완료
2025-12-08 16:05:27,495 - INFO - 
============================================================
2025-12-08 16:05:27,495 - INFO - 카테고리: 문화
2025-12-08 16:05:27,496 - INFO - ============================================================
2025-12-08 16:05:27,496 - INFO - 
크롤링 소스: 조선일보
2025-12-08 16:05:27,496 - INFO - URL: https://www.chosun.com/culture-style/
2025-12-08 16:05:27,496 - INFO - 페이지 가져오기 시도 (1/3): https://www.chosun.com/culture-style/
2025-12-08 16:05:28,072 - INFO - 페이지 가져오기 성공: https://www.chosun.com/culture-style/
2025-12-08 16:05:28,073 - INFO - HTML 파싱 중... (파서: chosun_culture)
2025-12-08 16:05:28,103 - INFO - 파싱 완료: 4개 뉴스 항목 발견
2025-12-08 16:05:32,343 - INFO - [조선일보] 기존 뉴스 데이터 없음
2025-12-08 16:05:32,343 - INFO - 새로운 뉴스 4개 발견
2025-12-08 16:05:32,344 - INFO - [조선일보] 뉴스 4개를 data/culture/chosun/news_2025-12-08.json에 저장 완료
2025-12-08 16:05:34,345 - INFO - 
크롤링 소스: 중앙일보
2025-12-08 16:05:34,346 - INFO - URL: https://www.joongang.co.kr/culture
2025-12-08 16:05:34,346 - INFO - 페이지 가져오기 시도 (1/3): https://www.joongang.co.kr/culture
2025-12-08 16:05:35,088 - INFO - 페이지 가져오기 성공: https://www.joongang.co.kr/culture
2025-12-08 16:05:35,091 - INFO - HTML 파싱 중... (파서: joongang_culture)
2025-12-08 16:05:35,119 - INFO - 파싱 완료: 5개 뉴스 항목 발견
2025-12-08 16:05:40,826 - INFO - [중앙일보] 기존 뉴스 데이터 없음
2025-12-08 16:05:40,826 - INFO - 새로운 뉴스 5개 발견
2025-12-08 16:05:40,828 - INFO - [중앙일보] 뉴스 5개를 data/culture/joongang/news_2025-12-08.json에 저장 완료
2025-12-08 16:05:42,829 - INFO - 
크롤링 소스: 동아일보
2025-12-08 16:05:42,830 - INFO - URL: https://www.donga.com/news/Culture
2025-12-08 16:05:42,830 - INFO - 페이지 가져오기 시도 (1/3): https://www.donga.com/news/Culture
2025-12-08 16:05:43,434 - INFO - 페이지 가져오기 성공: https://www.donga.com/news/Culture
2025-12-08 16:05:43,437 - INFO - HTML 파싱 중... (파서: donga_culture)
2025-12-08 16:05:43,465 - INFO - 파싱 완료: 5개 뉴스 항목 발견
2025-12-08 16:05:48,844 - INFO - [동아일보] 기존 뉴스 데이터 없음
2025-12-08 16:05:48,845 - INFO - 새로운 뉴스 5개 발견
2025-12-08 16:05:48,847 - INFO - [동아일보] 뉴스 5개를 data/culture/donga/news_2025-12-08.json에 저장 완료
2025-12-08 16:05:50,848 - INFO - 
============================================================
2025-12-08 16:05:50,848 - INFO - 크롤링 완료!
2025-12-08 16:05:50,848 - INFO - 총 뉴스 개수: 89
2025-12-08 16:05:50,848 - INFO - 
카테고리별 뉴스 개수:
2025-12-08 16:05:50,849 - INFO -   - 경제: 15개
2025-12-08 16:05:50,849 - INFO -   - 국제: 15개
2025-12-08 16:05:50,849 - INFO -   - 문화: 14개
2025-12-08 16:05:50,849 - INFO -   - 사회: 15개
2025-12-08 16:05:50,849 - INFO -   - 스포츠: 15개
2025-12-08 16:05:50,849 - INFO -   - 정치: 15개
2025-12-08 16:05:50,849 - INFO - ============================================================
2025-12-08 16:05:50,849 - INFO - ============================================================
2025-12-08 16:05:50,850 - INFO - 📝 통합 보고서 자동 생성 시작
2025-12-08 16:05:50,850 - INFO - ============================================================
2025-12-08 16:05:50,900 - INFO - ✅ 통합 보고서 생성 완료: reports/combined/report_2025-12-08.md
2025-12-08 16:05:50,900 - INFO - ============================================================
2025-12-08 16:05:50,900 - INFO - ============================================================
2025-12-08 16:05:50,900 - INFO - 📊 트렌드 분석 데이터 생성 시작
2025-12-08 16:05:50,900 - INFO - ============================================================
2025-12-08 16:05:50,925 - INFO - ✅ 트렌드 데이터 생성 완료: docs\data\trends\trends_2025-12-08.json
2025-12-08 16:05:50,925 - INFO - ============================================================
2025-12-08 16:07:13,979 - INFO - ============================================================
2025-12-08 16:07:13,980 - INFO - 멀티 카테고리 뉴스 크롤링 시작
2025-12-08 16:07:13,980 - INFO - 현재 시간 (KST): 2025-12-08 16:07:13
2025-12-08 16:07:13,980 - INFO - 실행 시간대: 오후 04시 KST
2025-12-08 16:07:13,980 - INFO - ============================================================
2025-12-08 16:07:13,980 - INFO - 
============================================================
2025-12-08 16:07:13,980 - INFO - 카테고리: 정치
2025-12-08 16:07:13,980 - INFO - ============================================================
2025-12-08 16:07:13,981 - INFO - 
크롤링 소스: 동아일보
2025-12-08 16:07:13,981 - INFO - URL: https://www.donga.com/news/Politics
2025-12-08 16:07:13,981 - INFO - 페이지 가져오기 시도 (1/3): https://www.donga.com/news/Politics
2025-12-08 16:07:14,481 - INFO - 페이지 가져오기 성공: https://www.donga.com/news/Politics
2025-12-08 16:07:14,483 - INFO - HTML 파싱 중... (파서: donga_politics)
2025-12-08 16:07:14,515 - INFO - 파싱 완료: 5개 뉴스 항목 발견
2025-12-08 16:07:20,044 - INFO - [동아일보] 기존 뉴스 데이터 없음
2025-12-08 16:07:20,045 - INFO - 새로운 뉴스 5개 발견
2025-12-08 16:07:20,048 - INFO - [동아일보] 뉴스 5개를 data/politics/donga/news_2025-12-08.json에 저장 완료
2025-12-08 16:07:22,049 - INFO - 
크롤링 소스: 조선일보
2025-12-08 16:07:22,050 - INFO - URL: https://www.chosun.com/politics/
2025-12-08 16:07:22,050 - INFO - 페이지 가져오기 시도 (1/3): https://www.chosun.com/politics/
2025-12-08 16:07:22,620 - INFO - 페이지 가져오기 성공: https://www.chosun.com/politics/
2025-12-08 16:07:22,623 - INFO - HTML 파싱 중... (파서: chosun_politics)
2025-12-08 16:07:22,668 - INFO - 파싱 완료: 5개 뉴스 항목 발견
2025-12-08 16:07:27,978 - INFO - [조선일보] 기존 뉴스 데이터 없음
2025-12-08 16:07:27,980 - INFO - 새로운 뉴스 5개 발견
2025-12-08 16:07:27,982 - INFO - [조선일보] 뉴스 5개를 data/politics/chosun/news_2025-12-08.json에 저장 완료
2025-12-08 16:07:29,983 - INFO - 
크롤링 소스: 중앙일보
2025-12-08 16:07:29,984 - INFO - URL: https://www.joongang.co.kr/politics
2025-12-08 16:07:29,985 - INFO - 페이지 가져오기 시도 (1/3): https://www.joongang.co.kr/politics
2025-12-08 16:07:30,638 - INFO - 페이지 가져오기 성공: https://www.joongang.co.kr/politics
2025-12-08 16:07:30,641 - INFO - HTML 파싱 중... (파서: joongang_politics)
2025-12-08 16:07:30,679 - INFO - 파싱 완료: 5개 뉴스 항목 발견
2025-12-08 16:07:36,681 - INFO - [중앙일보] 기존 뉴스 데이터 없음
2025-12-08 16:07:36,681 - INFO - 새로운 뉴스 5개 발견
2025-12-08 16:07:36,683 - INFO - [중앙일보] 뉴스 5개를 data/politics/joongang/news_2025-12-08.json에 저장 완료
2025-12-08 16:07:38,685 - INFO - 
============================================================
2025-12-08 16:07:38,686 - INFO - 카테고리: 스포츠
2025-12-08 16:07:38,686 - INFO - ============================================================
2025-12-08 16:07:38,686 - INFO - 
크롤링 소스: 중앙일보
2025-12-08 16:07:38,686 - INFO - URL: https://www.joongang.co.kr/sports
2025-12-08 16:07:38,687 - INFO - 페이지 가져오기 시도 (1/3): https://www.joongang.co.kr/sports
2025-12-08 16:07:39,327 - INFO - 페이지 가져오기 성공: https://www.joongang.co.kr/sports
2025-12-08 16:07:39,330 - INFO - HTML 파싱 중... (파서: joongang_sports)
2025-12-08 16:07:39,372 - INFO - 파싱 완료: 5개 뉴스 항목 발견
2025-12-08 16:07:45,030 - INFO - [중앙일보] 기존 뉴스 데이터 없음
2025-12-08 16:07:45,031 - INFO - 새로운 뉴스 5개 발견
2025-12-08 16:07:45,033 - INFO - [중앙일보] 뉴스 5개를 data/sports/joongang/news_2025-12-08.json에 저장 완료
2025-12-08 16:07:47,034 - INFO - 
크롤링 소스: 동아일보
2025-12-08 16:07:47,034 - INFO - URL: https://www.donga.com/news/Sports
2025-12-08 16:07:47,034 - INFO - 페이지 가져오기 시도 (1/3): https://www.donga.com/news/Sports
2025-12-08 16:07:47,531 - INFO - 페이지 가져오기 성공: https://www.donga.com/news/Sports
2025-12-08 16:07:47,532 - INFO - HTML 파싱 중... (파서: donga_sports)
2025-12-08 16:07:47,557 - INFO - 파싱 완료: 5개 뉴스 항목 발견
2025-12-08 16:07:53,141 - INFO - [동아일보] 기존 뉴스 데이터 없음
2025-12-08 16:07:53,142 - INFO - 새로운 뉴스 5개 발견
2025-12-08 16:07:53,144 - INFO - [동아일보] 뉴스 5개를 data/sports/donga/news_2025-12-08.json에 저장 완료
2025-12-08 16:07:55,146 - INFO - 
크롤링 소스: 조선일보
2025-12-08 16:07:55,146 - INFO - URL: https://www.chosun.com/sports/
2025-12-08 16:07:55,147 - INFO - 페이지 가져오기 시도 (1/3): https://www.chosun.com/sports/
2025-12-08 16:07:55,744 - INFO - 페이지 가져오기 성공: https://www.chosun.com/sports/
2025-12-08 16:07:55,747 - INFO - HTML 파싱 중... (파서: chosun_sports)
2025-12-08 16:07:55,786 - INFO - 파싱 완료: 5개 뉴스 항목 발견
2025-12-08 16:08:00,946 - INFO - [조선일보] 기존 뉴스 데이터 없음
2025-12-08 16:08:00,946 - INFO - 새로운 뉴스 5개 발견
2025-12-08 16:08:00,947 - INFO - [조선일보] 뉴스 5개를 data/sports/chosun/news_2025-12-08.json에 저장 완료
2025-12-08 16:08:02,948 - INFO - 
============================================================
2025-12-08 16:08:02,948 - INFO - 카테고리: 경제
2025-12-08 16:08:02,949 - INFO - ============================================================
2025-12-08 16:08:02,949 - INFO - 
크롤링 소스: 중앙일보
2025-12-08 16:08:02,949 - INFO - URL: https://www.joongang.co.kr/money
2025-12-08 16:08:02,949 - INFO - 페이지 가져오기 시도 (1/3): https://www.joongang.co.kr/money
2025-12-08 16:08:03,521 - INFO - 페이지 가져오기 성공: https://www.joongang.co.kr/money
2025-12-08 16:08:03,524 - INFO - HTML 파싱 중... (파서: joongang_economy)
2025-12-08 16:08:03,574 - INFO - 파싱 완료: 5개 뉴스 항목 발견
2025-12-08 16:08:09,244 - INFO - [중앙일보] 기존 뉴스 데이터 없음
2025-12-08 16:08:09,245 - INFO - 새로운 뉴스 5개 발견
2025-12-08 16:08:09,247 - INFO - [중앙일보] 뉴스 5개를 data/economy/joongang/news_2025-12-08.json에 저장 완료
2025-12-08 16:08:11,247 - INFO - 
크롤링 소스: 동아일보
2025-12-08 16:08:11,248 - INFO - URL: https://www.donga.com/news/Economy
2025-12-08 16:08:11,248 - INFO - 페이지 가져오기 시도 (1/3): https://www.donga.com/news/Economy
2025-12-08 16:08:11,787 - INFO - 페이지 가져오기 성공: https://www.donga.com/news/Economy
2025-12-08 16:08:11,790 - INFO - HTML 파싱 중... (파서: donga_economy)
2025-12-08 16:08:11,820 - INFO - 파싱 완료: 5개 뉴스 항목 발견
2025-12-08 16:08:17,258 - INFO - [동아일보] 기존 뉴스 데이터 없음
2025-12-08 16:08:17,258 - INFO - 새로운 뉴스 5개 발견
2025-12-08 16:08:17,264 - INFO - [동아일보] 뉴스 5개를 data/economy/donga/news_2025-12-08.json에 저장 완료
2025-12-08 16:08:19,265 - INFO - 
크롤링 소스: 조선일보
2025-12-08 16:08:19,265 - INFO - URL: https://www.chosun.com/economy/
2025-12-08 16:08:19,266 - INFO - 페이지 가져오기 시도 (1/3): https://www.chosun.com/economy/
2025-12-08 16:08:23,085 - INFO - 페이지 가져오기 성공: https://www.chosun.com/economy/
2025-12-08 16:08:23,091 - INFO - HTML 파싱 중... (파서: chosun_economy)
2025-12-08 16:08:23,205 - INFO - 파싱 완료: 5개 뉴스 항목 발견
2025-12-08 16:08:28,207 - INFO - [조선일보] 기존 뉴스 데이터 없음
2025-12-08 16:08:28,207 - INFO - 새로운 뉴스 5개 발견
2025-12-08 16:08:28,208 - INFO - [조선일보] 뉴스 5개를 data/economy/chosun/news_2025-12-08.json에 저장 완료
2025-12-08 16:08:30,209 - INFO - 
============================================================
2025-12-08 16:08:30,209 - INFO - 카테고리: 사회
2025-12-08 16:08:30,211 - INFO - ============================================================
2025-12-08 16:08:30,214 - INFO - 
크롤링 소스: 조선일보
2025-12-08 16:08:30,216 - INFO - URL: https://www.chosun.com/national/
2025-12-08 16:08:30,217 - INFO - 페이지 가져오기 시도 (1/3): https://www.chosun.com/national/
2025-12-08 16:08:31,654 - INFO - 페이지 가져오기 성공: https://www.chosun.com/national/
2025-12-08 16:08:31,656 - INFO - HTML 파싱 중... (파서: chosun_society)
2025-12-08 16:08:31,701 - INFO - 파싱 완료: 5개 뉴스 항목 발견
2025-12-08 16:08:36,868 - INFO - [조선일보] 기존 뉴스 데이터 없음
2025-12-08 16:08:36,868 - INFO - 새로운 뉴스 5개 발견
2025-12-08 16:08:36,869 - INFO - [조선일보] 뉴스 5개를 data/society/chosun/news_2025-12-08.json에 저장 완료
2025-12-08 16:08:38,870 - INFO - 
크롤링 소스: 중앙일보
2025-12-08 16:08:38,871 - INFO - URL: https://www.joongang.co.kr/society
2025-12-08 16:08:38,871 - INFO - 페이지 가져오기 시도 (1/3): https://www.joongang.co.kr/society
2025-12-08 16:08:39,434 - INFO - 페이지 가져오기 성공: https://www.joongang.co.kr/society
2025-12-08 16:08:39,438 - INFO - HTML 파싱 중... (파서: joongang_society)
2025-12-08 16:08:39,476 - INFO - 파싱 완료: 5개 뉴스 항목 발견
2025-12-08 16:08:44,920 - INFO - [중앙일보] 기존 뉴스 데이터 없음
2025-12-08 16:08:44,921 - INFO - 새로운 뉴스 5개 발견
2025-12-08 16:08:44,923 - INFO - [중앙일보] 뉴스 5개를 data/society/joongang/news_2025-12-08.json에 저장 완료
2025-12-08 16:08:46,924 - INFO - 
크롤링 소스: 동아일보
2025-12-08 16:08:46,925 - INFO - URL: https://www.donga.com/news/Society
2025-12-08 16:08:46,926 - INFO - 페이지 가져오기 시도 (1/3): https://www.donga.com/news/Society
2025-12-08 16:08:47,422 - INFO - 페이지 가져오기 성공: https://www.donga.com/news/Society
2025-12-08 16:08:47,425 - INFO - HTML 파싱 중... (파서: donga_society)
2025-12-08 16:08:47,519 - INFO - 파싱 완료: 5개 뉴스 항목 발견
2025-12-08 16:08:52,909 - INFO - [동아일보] 기존 뉴스 데이터 없음
2025-12-08 16:08:52,909 - INFO - 새로운 뉴스 5개 발견
2025-12-08 16:08:52,912 - INFO - [동아일보] 뉴스 5개를 data/society/donga/news_2025-12-08.json에 저장 완료
2025-12-08 16:08:54,912 - INFO - 
============================================================
2025-12-08 16:08:54,915 - INFO - 카테고리: 국제
2025-12-08 16:08:54,915 - INFO - ============================================================
2025-12-08 16:08:54,916 - INFO - 
크롤링 소스: 조선일보
2025-12-08 16:08:54,916 - INFO - URL: https://www.chosun.com/international/
2025-12-08 16:08:54,917 - INFO - 페이지 가져오기 시도 (1/3): https://www.chosun.com/international/
2025-12-08 16:08:55,553 - INFO - 페이지 가져오기 성공: https://www.chosun.com/international/
2025-12-08 16:08:55,556 - INFO - HTML 파싱 중... (파서: chosun_international)
2025-12-08 16:08:55,623 - INFO - 파싱 완료: 5개 뉴스 항목 발견
2025-12-08 16:09:01,090 - INFO - [조선일보] 기존 뉴스 데이터 없음
2025-12-08 16:09:01,090 - INFO - 새로운 뉴스 5개 발견
2025-12-08 16:09:01,092 - INFO - [조선일보] 뉴스 5개를 data/international/chosun/news_2025-12-08.json에 저장 완료
2025-12-08 16:09:03,093 - INFO - 
크롤링 소스: 중앙일보
2025-12-08 16:09:03,093 - INFO - URL: https://www.joongang.co.kr/world
2025-12-08 16:09:03,094 - INFO - 페이지 가져오기 시도 (1/3): https://www.joongang.co.kr/world
2025-12-08 16:09:03,769 - INFO - 페이지 가져오기 성공: https://www.joongang.co.kr/world
2025-12-08 16:09:03,771 - INFO - HTML 파싱 중... (파서: joongang_international)
2025-12-08 16:09:03,803 - INFO - 파싱 완료: 5개 뉴스 항목 발견
2025-12-08 16:09:09,584 - INFO - [중앙일보] 기존 뉴스 데이터 없음
2025-12-08 16:09:09,584 - INFO - 새로운 뉴스 5개 발견
2025-12-08 16:09:09,586 - INFO - [중앙일보] 뉴스 5개를 data/international/joongang/news_2025-12-08.json에 저장 완료
2025-12-08 16:09:11,587 - INFO - 
크롤링 소스: 동아일보
2025-12-08 16:09:11,588 - INFO - URL: https://www.donga.com/news/Inter
2025-12-08 16:09:11,589 - INFO - 페이지 가져오기 시도 (1/3): https://www.donga.com/news/Inter
2025-12-08 16:09:12,134 - INFO - 페이지 가져오기 성공: https://www.donga.com/news/Inter
2025-12-08 16:09:12,136 - INFO - HTML 파싱 중... (파서: donga_international)
2025-12-08 16:09:12,159 - INFO - 파싱 완료: 5개 뉴스 항목 발견
2025-12-08 16:09:17,945 - INFO - [동아일보] 기존 뉴스 데이터 없음
2025-12-08 16:09:17,946 - INFO - 새로운 뉴스 5개 발견
2025-12-08 16:09:17,950 - INFO - [동아일보] 뉴스 5개를 data/international/donga/news_2025-12-08.json에 저장 완료
2025-12-08 16:09:19,952 - INFO - 
============================================================
2025-12-08 16:09:19,952 - INFO - 카테고리: 문화
2025-12-08 16:09:19,953 - INFO - ============================================================
2025-12-08 16:09:19,953 - INFO - 
크롤링 소스: 조선일보
2025-12-08 16:09:19,953 - INFO - URL: https://www.chosun.com/culture-style/
2025-12-08 16:09:19,954 - INFO - 페이지 가져오기 시도 (1/3): https://www.chosun.com/culture-style/
2025-12-08 16:09:20,698 - INFO - 페이지 가져오기 성공: https://www.chosun.com/culture-style/
2025-12-08 16:09:20,701 - INFO - HTML 파싱 중... (파서: chosun_culture)
2025-12-08 16:09:20,743 - INFO - 파싱 완료: 4개 뉴스 항목 발견
2025-12-08 16:09:24,822 - INFO - [조선일보] 기존 뉴스 데이터 없음
2025-12-08 16:09:24,823 - INFO - 새로운 뉴스 4개 발견
2025-12-08 16:09:24,825 - INFO - [조선일보] 뉴스 4개를 data/culture/chosun/news_2025-12-08.json에 저장 완료
2025-12-08 16:09:26,826 - INFO - 
크롤링 소스: 중앙일보
2025-12-08 16:09:26,827 - INFO - URL: https://www.joongang.co.kr/culture
2025-12-08 16:09:26,828 - INFO - 페이지 가져오기 시도 (1/3): https://www.joongang.co.kr/culture
2025-12-08 16:09:27,498 - INFO - 페이지 가져오기 성공: https://www.joongang.co.kr/culture
2025-12-08 16:09:27,502 - INFO - HTML 파싱 중... (파서: joongang_culture)
2025-12-08 16:09:27,538 - INFO - 파싱 완료: 5개 뉴스 항목 발견
2025-12-08 16:09:33,100 - INFO - [중앙일보] 기존 뉴스 데이터 없음
2025-12-08 16:09:33,101 - INFO - 새로운 뉴스 5개 발견
2025-12-08 16:09:33,104 - INFO - [중앙일보] 뉴스 5개를 data/culture/joongang/news_2025-12-08.json에 저장 완료
2025-12-08 16:09:35,105 - INFO - 
크롤링 소스: 동아일보
2025-12-08 16:09:35,105 - INFO - URL: https://www.donga.com/news/Culture
2025-12-08 16:09:35,106 - INFO - 페이지 가져오기 시도 (1/3): https://www.donga.com/news/Culture
2025-12-08 16:09:35,830 - INFO - 페이지 가져오기 성공: https://www.donga.com/news/Culture
2025-12-08 16:09:35,832 - INFO - HTML 파싱 중... (파서: donga_culture)
2025-12-08 16:09:35,872 - INFO - 파싱 완료: 5개 뉴스 항목 발견
2025-12-08 16:09:41,742 - INFO - [동아일보] 기존 뉴스 데이터 없음
2025-12-08 16:09:41,742 - INFO - 새로운 뉴스 5개 발견
2025-12-08 16:09:41,745 - INFO - [동아일보] 뉴스 5개를 data/culture/donga/news_2025-12-08.json에 저장 완료
2025-12-08 16:09:43,746 - INFO - 
============================================================
2025-12-08 16:09:43,746 - INFO - 크롤링 완료!
2025-12-08 16:09:43,746 - INFO - 총 뉴스 개수: 89
2025-12-08 16:09:43,747 - INFO - 
카테고리별 뉴스 개수:
2025-12-08 16:09:43,747 - INFO -   - 경제: 15개
2025-12-08 16:09:43,747 - INFO -   - 국제: 15개
2025-12-08 16:09:43,747 - INFO -   - 문화: 14개
2025-12-08 16:09:43,748 - INFO -   - 사회: 15개
2025-12-08 16:09:43,748 - INFO -   - 스포츠: 15개
2025-12-08 16:09:43,748 - INFO -   - 정치: 15개
2025-12-08 16:09:43,748 - INFO - ============================================================
2025-12-08 16:09:43,749 - INFO - ============================================================
2025-12-08 16:09:43,749 - INFO - 📝 통합 보고서 자동 생성 시작
2025-12-08 16:09:43,750 - INFO - ============================================================
2025-12-08 16:09:43,788 - INFO - ✅ 통합 보고서 생성 완료: reports/combined/report_2025-12-08.md
2025-12-08 16:09:43,788 - INFO - ============================================================
2025-12-08 16:09:43,788 - INFO - ============================================================
2025-12-08 16:09:43,788 - INFO - 📊 트렌드 분석 데이터 생성 시작
2025-12-08 16:09:43,788 - INFO - ============================================================
2025-12-08 16:09:43,810 - INFO - ✅ 트렌드 데이터 생성 완료: docs\data\trends\trends_2025-12-08.json
2025-12-08 16:09:43,810 - INFO - ============================================================
